execve("./hello", ["./hello"], 0x7fff08b94ae8 /* 28 vars */) = 0 <0.019756>
arch_prctl(ARCH_SET_FS, 0x520a30)       = 0 <0.000195>
sched_getaffinity(0, 8192, [0, 1, 2, 3, 4, 5, 6, 7]) = 32 <0.000106>
openat(AT_FDCWD, "/sys/kernel/mm/transparent_hugepage/hpage_pmd_size", O_RDONLY) = 3 <0.000077>
read(3, "2097152\n", 20)                = 8 <0.000063>
close(3)                                = 0 <0.000063>
mmap(NULL, 262144, PROT_READ|PROT_WRITE, MAP_PRIVATE|MAP_ANONYMOUS, -1, 0) = 0x7efd13e86000 <0.000066>
mmap(NULL, 131072, PROT_NONE, MAP_PRIVATE|MAP_ANONYMOUS, -1, 0) = 0x7efd13e66000 <0.000057>
mmap(NULL, 1048576, PROT_NONE, MAP_PRIVATE|MAP_ANONYMOUS, -1, 0) = 0x7efd13d66000 <0.000060>
mmap(NULL, 8388608, PROT_NONE, MAP_PRIVATE|MAP_ANONYMOUS, -1, 0) = 0x7efd13566000 <0.000115>
mmap(NULL, 67108864, PROT_NONE, MAP_PRIVATE|MAP_ANONYMOUS, -1, 0) = 0x7efd0f566000 <0.000153>
mmap(NULL, 536870912, PROT_NONE, MAP_PRIVATE|MAP_ANONYMOUS, -1, 0) = 0x7efcef566000 <0.000176>
mmap(0xc000000000, 67108864, PROT_NONE, MAP_PRIVATE|MAP_ANONYMOUS, -1, 0) = 0xc000000000 <0.000171>
mmap(NULL, 33554432, PROT_READ|PROT_WRITE, MAP_PRIVATE|MAP_ANONYMOUS, -1, 0) = 0x7efced566000 <0.000111>
mmap(NULL, 2165776, PROT_READ|PROT_WRITE, MAP_PRIVATE|MAP_ANONYMOUS, -1, 0) = 0x7efced355000 <0.000122>
mmap(0xc000000000, 4194304, PROT_READ|PROT_WRITE, MAP_PRIVATE|MAP_FIXED|MAP_ANONYMOUS, -1, 0) = 0xc000000000 <0.000089>
mmap(0x7efd13e66000, 131072, PROT_READ|PROT_WRITE, MAP_PRIVATE|MAP_FIXED|MAP_ANONYMOUS, -1, 0) = 0x7efd13e66000 <0.000105>
mmap(0x7efd13de6000, 4096, PROT_READ|PROT_WRITE, MAP_PRIVATE|MAP_FIXED|MAP_ANONYMOUS, -1, 0) = 0x7efd13de6000 <0.000121>
mmap(0x7efd1396c000, 4096, PROT_READ|PROT_WRITE, MAP_PRIVATE|MAP_FIXED|MAP_ANONYMOUS, -1, 0) = 0x7efd1396c000 <0.000052>
mmap(0x7efd11596000, 4096, PROT_READ|PROT_WRITE, MAP_PRIVATE|MAP_FIXED|MAP_ANONYMOUS, -1, 0) = 0x7efd11596000 <0.000049>
mmap(0x7efcff6e6000, 4096, PROT_READ|PROT_WRITE, MAP_PRIVATE|MAP_FIXED|MAP_ANONYMOUS, -1, 0) = 0x7efcff6e6000 <0.000052>
mmap(NULL, 1048576, PROT_READ|PROT_WRITE, MAP_PRIVATE|MAP_ANONYMOUS, -1, 0) = 0x7efced255000 <0.000047>
mmap(NULL, 65536, PROT_READ|PROT_WRITE, MAP_PRIVATE|MAP_ANONYMOUS, -1, 0) = 0x7efced245000 <0.000046>
mmap(NULL, 65536, PROT_READ|PROT_WRITE, MAP_PRIVATE|MAP_ANONYMOUS, -1, 0) = 0x7efced235000 <0.000045>
rt_sigprocmask(SIG_SETMASK, NULL, [], 8) = 0 <0.000098>
sigaltstack(NULL, {ss_sp=NULL, ss_flags=SS_DISABLE, ss_size=0}) = 0 <0.000065>
sigaltstack({ss_sp=0xc000004000, ss_flags=0, ss_size=32768}, NULL) = 0 <0.000051>
rt_sigprocmask(SIG_SETMASK, [], NULL, 8) = 0 <0.000045>
gettid()                                = 8862 <0.000048>
rt_sigaction(SIGHUP, NULL, {sa_handler=SIG_DFL, sa_mask=[], sa_flags=0}, 8) = 0 <0.000046>
rt_sigaction(SIGHUP, {sa_handler=0x45c4a0, sa_mask=~[], sa_flags=SA_RESTORER|SA_ONSTACK|SA_RESTART|SA_SIGINFO, sa_restorer=0x45c5e0}, NULL, 8) = 0 <0.000043>
rt_sigaction(SIGINT, NULL, {sa_handler=SIG_DFL, sa_mask=[], sa_flags=0}, 8) = 0 <0.000047>
rt_sigaction(SIGINT, {sa_handler=0x45c4a0, sa_mask=~[], sa_flags=SA_RESTORER|SA_ONSTACK|SA_RESTART|SA_SIGINFO, sa_restorer=0x45c5e0}, NULL, 8) = 0 <0.000046>
rt_sigaction(SIGQUIT, NULL, {sa_handler=SIG_DFL, sa_mask=[], sa_flags=0}, 8) = 0 <0.000042>
rt_sigaction(SIGQUIT, {sa_handler=0x45c4a0, sa_mask=~[], sa_flags=SA_RESTORER|SA_ONSTACK|SA_RESTART|SA_SIGINFO, sa_restorer=0x45c5e0}, NULL, 8) = 0 <0.000046>
rt_sigaction(SIGILL, NULL, {sa_handler=SIG_DFL, sa_mask=[], sa_flags=0}, 8) = 0 <0.000045>
rt_sigaction(SIGILL, {sa_handler=0x45c4a0, sa_mask=~[], sa_flags=SA_RESTORER|SA_ONSTACK|SA_RESTART|SA_SIGINFO, sa_restorer=0x45c5e0}, NULL, 8) = 0 <0.000046>
rt_sigaction(SIGTRAP, NULL, {sa_handler=SIG_DFL, sa_mask=[], sa_flags=0}, 8) = 0 <0.000074>
rt_sigaction(SIGTRAP, {sa_handler=0x45c4a0, sa_mask=~[], sa_flags=SA_RESTORER|SA_ONSTACK|SA_RESTART|SA_SIGINFO, sa_restorer=0x45c5e0}, NULL, 8) = 0 <0.000047>
rt_sigaction(SIGABRT, NULL, {sa_handler=SIG_DFL, sa_mask=[], sa_flags=0}, 8) = 0 <0.000045>
rt_sigaction(SIGABRT, {sa_handler=0x45c4a0, sa_mask=~[], sa_flags=SA_RESTORER|SA_ONSTACK|SA_RESTART|SA_SIGINFO, sa_restorer=0x45c5e0}, NULL, 8) = 0 <0.000043>
rt_sigaction(SIGBUS, NULL, {sa_handler=SIG_DFL, sa_mask=[], sa_flags=0}, 8) = 0 <0.000100>
rt_sigaction(SIGBUS, {sa_handler=0x45c4a0, sa_mask=~[], sa_flags=SA_RESTORER|SA_ONSTACK|SA_RESTART|SA_SIGINFO, sa_restorer=0x45c5e0}, NULL, 8) = 0 <0.000062>
rt_sigaction(SIGFPE, NULL, {sa_handler=SIG_DFL, sa_mask=[], sa_flags=0}, 8) = 0 <0.000066>
rt_sigaction(SIGFPE, {sa_handler=0x45c4a0, sa_mask=~[], sa_flags=SA_RESTORER|SA_ONSTACK|SA_RESTART|SA_SIGINFO, sa_restorer=0x45c5e0}, NULL, 8) = 0 <0.000048>
rt_sigaction(SIGUSR1, NULL, {sa_handler=SIG_DFL, sa_mask=[], sa_flags=0}, 8) = 0 <0.000101>
rt_sigaction(SIGUSR1, {sa_handler=0x45c4a0, sa_mask=~[], sa_flags=SA_RESTORER|SA_ONSTACK|SA_RESTART|SA_SIGINFO, sa_restorer=0x45c5e0}, NULL, 8) = 0 <0.000052>
rt_sigaction(SIGSEGV, NULL, {sa_handler=SIG_DFL, sa_mask=[], sa_flags=0}, 8) = 0 <0.000042>
rt_sigaction(SIGSEGV, {sa_handler=0x45c4a0, sa_mask=~[], sa_flags=SA_RESTORER|SA_ONSTACK|SA_RESTART|SA_SIGINFO, sa_restorer=0x45c5e0}, NULL, 8) = 0 <0.000103>
rt_sigaction(SIGUSR2, NULL, {sa_handler=SIG_DFL, sa_mask=[], sa_flags=0}, 8) = 0 <0.000141>
rt_sigaction(SIGUSR2, {sa_handler=0x45c4a0, sa_mask=~[], sa_flags=SA_RESTORER|SA_ONSTACK|SA_RESTART|SA_SIGINFO, sa_restorer=0x45c5e0}, NULL, 8) = 0 <0.000101>
rt_sigaction(SIGPIPE, NULL, {sa_handler=SIG_DFL, sa_mask=[], sa_flags=0}, 8) = 0 <0.000083>
rt_sigaction(SIGPIPE, {sa_handler=0x45c4a0, sa_mask=~[], sa_flags=SA_RESTORER|SA_ONSTACK|SA_RESTART|SA_SIGINFO, sa_restorer=0x45c5e0}, NULL, 8) = 0 <0.000045>
rt_sigaction(SIGALRM, NULL, {sa_handler=SIG_DFL, sa_mask=[], sa_flags=0}, 8) = 0 <0.000044>
rt_sigaction(SIGALRM, {sa_handler=0x45c4a0, sa_mask=~[], sa_flags=SA_RESTORER|SA_ONSTACK|SA_RESTART|SA_SIGINFO, sa_restorer=0x45c5e0}, NULL, 8) = 0 <0.000055>
rt_sigaction(SIGTERM, NULL, {sa_handler=SIG_DFL, sa_mask=[], sa_flags=0}, 8) = 0 <0.000086>
rt_sigaction(SIGTERM, {sa_handler=0x45c4a0, sa_mask=~[], sa_flags=SA_RESTORER|SA_ONSTACK|SA_RESTART|SA_SIGINFO, sa_restorer=0x45c5e0}, NULL, 8) = 0 <0.000122>
rt_sigaction(SIGSTKFLT, NULL, {sa_handler=SIG_DFL, sa_mask=[], sa_flags=0}, 8) = 0 <0.000048>
rt_sigaction(SIGSTKFLT, {sa_handler=0x45c4a0, sa_mask=~[], sa_flags=SA_RESTORER|SA_ONSTACK|SA_RESTART|SA_SIGINFO, sa_restorer=0x45c5e0}, NULL, 8) = 0 <0.000048>
rt_sigaction(SIGCHLD, NULL, {sa_handler=SIG_DFL, sa_mask=[], sa_flags=0}, 8) = 0 <0.000058>
rt_sigaction(SIGCHLD, {sa_handler=0x45c4a0, sa_mask=~[], sa_flags=SA_RESTORER|SA_ONSTACK|SA_RESTART|SA_SIGINFO, sa_restorer=0x45c5e0}, NULL, 8) = 0 <0.000067>
rt_sigaction(SIGURG, NULL, {sa_handler=SIG_DFL, sa_mask=[], sa_flags=0}, 8) = 0 <0.000646>
rt_sigaction(SIGURG, {sa_handler=0x45c4a0, sa_mask=~[], sa_flags=SA_RESTORER|SA_ONSTACK|SA_RESTART|SA_SIGINFO, sa_restorer=0x45c5e0}, NULL, 8) = 0 <0.000059>
rt_sigaction(SIGXCPU, NULL, {sa_handler=SIG_DFL, sa_mask=[], sa_flags=0}, 8) = 0 <0.000058>
rt_sigaction(SIGXCPU, {sa_handler=0x45c4a0, sa_mask=~[], sa_flags=SA_RESTORER|SA_ONSTACK|SA_RESTART|SA_SIGINFO, sa_restorer=0x45c5e0}, NULL, 8) = 0 <0.000051>
rt_sigaction(SIGXFSZ, NULL, {sa_handler=SIG_DFL, sa_mask=[], sa_flags=0}, 8) = 0 <0.000052>
rt_sigaction(SIGXFSZ, {sa_handler=0x45c4a0, sa_mask=~[], sa_flags=SA_RESTORER|SA_ONSTACK|SA_RESTART|SA_SIGINFO, sa_restorer=0x45c5e0}, NULL, 8) = 0 <0.000086>
rt_sigaction(SIGVTALRM, NULL, {sa_handler=SIG_DFL, sa_mask=[], sa_flags=0}, 8) = 0 <0.000057>
rt_sigaction(SIGVTALRM, {sa_handler=0x45c4a0, sa_mask=~[], sa_flags=SA_RESTORER|SA_ONSTACK|SA_RESTART|SA_SIGINFO, sa_restorer=0x45c5e0}, NULL, 8) = 0 <0.000113>
rt_sigaction(SIGPROF, NULL, {sa_handler=SIG_DFL, sa_mask=[], sa_flags=0}, 8) = 0 <0.000101>
rt_sigaction(SIGPROF, {sa_handler=0x45c4a0, sa_mask=~[], sa_flags=SA_RESTORER|SA_ONSTACK|SA_RESTART|SA_SIGINFO, sa_restorer=0x45c5e0}, NULL, 8) = 0 <0.000070>
rt_sigaction(SIGWINCH, NULL, {sa_handler=SIG_DFL, sa_mask=[], sa_flags=0}, 8) = 0 <0.000121>
rt_sigaction(SIGWINCH, {sa_handler=0x45c4a0, sa_mask=~[], sa_flags=SA_RESTORER|SA_ONSTACK|SA_RESTART|SA_SIGINFO, sa_restorer=0x45c5e0}, NULL, 8) = 0 <0.000058>
rt_sigaction(SIGIO, NULL, {sa_handler=SIG_DFL, sa_mask=[], sa_flags=0}, 8) = 0 <0.000087>
rt_sigaction(SIGIO, {sa_handler=0x45c4a0, sa_mask=~[], sa_flags=SA_RESTORER|SA_ONSTACK|SA_RESTART|SA_SIGINFO, sa_restorer=0x45c5e0}, NULL, 8) = 0 <0.000085>
rt_sigaction(SIGPWR, NULL, {sa_handler=SIG_DFL, sa_mask=[], sa_flags=0}, 8) = 0 <0.000109>
rt_sigaction(SIGPWR, {sa_handler=0x45c4a0, sa_mask=~[], sa_flags=SA_RESTORER|SA_ONSTACK|SA_RESTART|SA_SIGINFO, sa_restorer=0x45c5e0}, NULL, 8) = 0 <0.000052>
rt_sigaction(SIGSYS, NULL, {sa_handler=SIG_DFL, sa_mask=[], sa_flags=0}, 8) = 0 <0.000097>
rt_sigaction(SIGSYS, {sa_handler=0x45c4a0, sa_mask=~[], sa_flags=SA_RESTORER|SA_ONSTACK|SA_RESTART|SA_SIGINFO, sa_restorer=0x45c5e0}, NULL, 8) = 0 <0.000106>
rt_sigaction(SIGRTMIN, NULL, {sa_handler=SIG_DFL, sa_mask=[], sa_flags=0}, 8) = 0 <0.000119>
rt_sigaction(SIGRT_1, NULL, {sa_handler=SIG_DFL, sa_mask=[], sa_flags=0}, 8) = 0 <0.000086>
rt_sigaction(SIGRT_1, {sa_handler=0x45c4a0, sa_mask=~[], sa_flags=SA_RESTORER|SA_ONSTACK|SA_RESTART|SA_SIGINFO, sa_restorer=0x45c5e0}, NULL, 8) = 0 <0.000082>
rt_sigaction(SIGRT_2, NULL, {sa_handler=SIG_DFL, sa_mask=[], sa_flags=0}, 8) = 0 <0.000080>
rt_sigaction(SIGRT_3, NULL, {sa_handler=SIG_DFL, sa_mask=[], sa_flags=0}, 8) = 0 <0.000090>
rt_sigaction(SIGRT_3, {sa_handler=0x45c4a0, sa_mask=~[], sa_flags=SA_RESTORER|SA_ONSTACK|SA_RESTART|SA_SIGINFO, sa_restorer=0x45c5e0}, NULL, 8) = 0 <0.000048>
rt_sigaction(SIGRT_4, NULL, {sa_handler=SIG_DFL, sa_mask=[], sa_flags=0}, 8) = 0 <0.000085>
rt_sigaction(SIGRT_4, {sa_handler=0x45c4a0, sa_mask=~[], sa_flags=SA_RESTORER|SA_ONSTACK|SA_RESTART|SA_SIGINFO, sa_restorer=0x45c5e0}, NULL, 8) = 0 <0.000086>
rt_sigaction(SIGRT_5, NULL, {sa_handler=SIG_DFL, sa_mask=[], sa_flags=0}, 8) = 0 <0.000098>
rt_sigaction(SIGRT_5, {sa_handler=0x45c4a0, sa_mask=~[], sa_flags=SA_RESTORER|SA_ONSTACK|SA_RESTART|SA_SIGINFO, sa_restorer=0x45c5e0}, NULL, 8) = 0 <0.000125>
rt_sigaction(SIGRT_6, NULL, {sa_handler=SIG_DFL, sa_mask=[], sa_flags=0}, 8) = 0 <0.000084>
rt_sigaction(SIGRT_6, {sa_handler=0x45c4a0, sa_mask=~[], sa_flags=SA_RESTORER|SA_ONSTACK|SA_RESTART|SA_SIGINFO, sa_restorer=0x45c5e0}, NULL, 8) = 0 <0.000084>
rt_sigaction(SIGRT_7, NULL, {sa_handler=SIG_DFL, sa_mask=[], sa_flags=0}, 8) = 0 <0.000109>
rt_sigaction(SIGRT_7, {sa_handler=0x45c4a0, sa_mask=~[], sa_flags=SA_RESTORER|SA_ONSTACK|SA_RESTART|SA_SIGINFO, sa_restorer=0x45c5e0}, NULL, 8) = 0 <0.000027>
rt_sigaction(SIGRT_8, NULL, {sa_handler=SIG_DFL, sa_mask=[], sa_flags=0}, 8) = 0 <0.000085>
rt_sigaction(SIGRT_8, {sa_handler=0x45c4a0, sa_mask=~[], sa_flags=SA_RESTORER|SA_ONSTACK|SA_RESTART|SA_SIGINFO, sa_restorer=0x45c5e0}, NULL, 8) = 0 <0.000047>
rt_sigaction(SIGRT_9, NULL, {sa_handler=SIG_DFL, sa_mask=[], sa_flags=0}, 8) = 0 <0.000044>
rt_sigaction(SIGRT_9, {sa_handler=0x45c4a0, sa_mask=~[], sa_flags=SA_RESTORER|SA_ONSTACK|SA_RESTART|SA_SIGINFO, sa_restorer=0x45c5e0}, NULL, 8) = 0 <0.000047>
rt_sigaction(SIGRT_10, NULL, {sa_handler=SIG_DFL, sa_mask=[], sa_flags=0}, 8) = 0 <0.000046>
rt_sigaction(SIGRT_10, {sa_handler=0x45c4a0, sa_mask=~[], sa_flags=SA_RESTORER|SA_ONSTACK|SA_RESTART|SA_SIGINFO, sa_restorer=0x45c5e0}, NULL, 8) = 0 <0.000046>
rt_sigaction(SIGRT_11, NULL, {sa_handler=SIG_DFL, sa_mask=[], sa_flags=0}, 8) = 0 <0.000048>
rt_sigaction(SIGRT_11, {sa_handler=0x45c4a0, sa_mask=~[], sa_flags=SA_RESTORER|SA_ONSTACK|SA_RESTART|SA_SIGINFO, sa_restorer=0x45c5e0}, NULL, 8) = 0 <0.000047>
rt_sigaction(SIGRT_12, NULL, {sa_handler=SIG_DFL, sa_mask=[], sa_flags=0}, 8) = 0 <0.000047>
rt_sigaction(SIGRT_12, {sa_handler=0x45c4a0, sa_mask=~[], sa_flags=SA_RESTORER|SA_ONSTACK|SA_RESTART|SA_SIGINFO, sa_restorer=0x45c5e0}, NULL, 8) = 0 <0.000048>
rt_sigaction(SIGRT_13, NULL, {sa_handler=SIG_DFL, sa_mask=[], sa_flags=0}, 8) = 0 <0.000101>
rt_sigaction(SIGRT_13, {sa_handler=0x45c4a0, sa_mask=~[], sa_flags=SA_RESTORER|SA_ONSTACK|SA_RESTART|SA_SIGINFO, sa_restorer=0x45c5e0}, NULL, 8) = 0 <0.000058>
rt_sigaction(SIGRT_14, NULL, {sa_handler=SIG_DFL, sa_mask=[], sa_flags=0}, 8) = 0 <0.000135>
rt_sigaction(SIGRT_14, {sa_handler=0x45c4a0, sa_mask=~[], sa_flags=SA_RESTORER|SA_ONSTACK|SA_RESTART|SA_SIGINFO, sa_restorer=0x45c5e0}, NULL, 8) = 0 <0.000052>
rt_sigaction(SIGRT_15, NULL, {sa_handler=SIG_DFL, sa_mask=[], sa_flags=0}, 8) = 0 <0.000127>
rt_sigaction(SIGRT_15, {sa_handler=0x45c4a0, sa_mask=~[], sa_flags=SA_RESTORER|SA_ONSTACK|SA_RESTART|SA_SIGINFO, sa_restorer=0x45c5e0}, NULL, 8) = 0 <0.000094>
rt_sigaction(SIGRT_16, NULL, {sa_handler=SIG_DFL, sa_mask=[], sa_flags=0}, 8) = 0 <0.000047>
rt_sigaction(SIGRT_16, {sa_handler=0x45c4a0, sa_mask=~[], sa_flags=SA_RESTORER|SA_ONSTACK|SA_RESTART|SA_SIGINFO, sa_restorer=0x45c5e0}, NULL, 8) = 0 <0.000048>
rt_sigaction(SIGRT_17, NULL, {sa_handler=SIG_DFL, sa_mask=[], sa_flags=0}, 8) = 0 <0.000124>
rt_sigaction(SIGRT_17, {sa_handler=0x45c4a0, sa_mask=~[], sa_flags=SA_RESTORER|SA_ONSTACK|SA_RESTART|SA_SIGINFO, sa_restorer=0x45c5e0}, NULL, 8) = 0 <0.000049>
rt_sigaction(SIGRT_18, NULL, {sa_handler=SIG_DFL, sa_mask=[], sa_flags=0}, 8) = 0 <0.000048>
rt_sigaction(SIGRT_18, {sa_handler=0x45c4a0, sa_mask=~[], sa_flags=SA_RESTORER|SA_ONSTACK|SA_RESTART|SA_SIGINFO, sa_restorer=0x45c5e0}, NULL, 8) = 0 <0.000046>
rt_sigaction(SIGRT_19, NULL, {sa_handler=SIG_DFL, sa_mask=[], sa_flags=0}, 8) = 0 <0.000047>
rt_sigaction(SIGRT_19, {sa_handler=0x45c4a0, sa_mask=~[], sa_flags=SA_RESTORER|SA_ONSTACK|SA_RESTART|SA_SIGINFO, sa_restorer=0x45c5e0}, NULL, 8) = 0 <0.000047>
rt_sigaction(SIGRT_20, NULL, {sa_handler=SIG_DFL, sa_mask=[], sa_flags=0}, 8) = 0 <0.000044>
rt_sigaction(SIGRT_20, {sa_handler=0x45c4a0, sa_mask=~[], sa_flags=SA_RESTORER|SA_ONSTACK|SA_RESTART|SA_SIGINFO, sa_restorer=0x45c5e0}, NULL, 8) = 0 <0.000047>
rt_sigaction(SIGRT_21, NULL, {sa_handler=SIG_DFL, sa_mask=[], sa_flags=0}, 8) = 0 <0.000047>
rt_sigaction(SIGRT_21, {sa_handler=0x45c4a0, sa_mask=~[], sa_flags=SA_RESTORER|SA_ONSTACK|SA_RESTART|SA_SIGINFO, sa_restorer=0x45c5e0}, NULL, 8) = 0 <0.000053>
rt_sigaction(SIGRT_22, NULL, {sa_handler=SIG_DFL, sa_mask=[], sa_flags=0}, 8) = 0 <0.000102>
rt_sigaction(SIGRT_22, {sa_handler=0x45c4a0, sa_mask=~[], sa_flags=SA_RESTORER|SA_ONSTACK|SA_RESTART|SA_SIGINFO, sa_restorer=0x45c5e0}, NULL, 8) = 0 <0.000051>
rt_sigaction(SIGRT_23, NULL, {sa_handler=SIG_DFL, sa_mask=[], sa_flags=0}, 8) = 0 <0.000097>
rt_sigaction(SIGRT_23, {sa_handler=0x45c4a0, sa_mask=~[], sa_flags=SA_RESTORER|SA_ONSTACK|SA_RESTART|SA_SIGINFO, sa_restorer=0x45c5e0}, NULL, 8) = 0 <0.000064>
rt_sigaction(SIGRT_24, NULL, {sa_handler=SIG_DFL, sa_mask=[], sa_flags=0}, 8) = 0 <0.000045>
rt_sigaction(SIGRT_24, {sa_handler=0x45c4a0, sa_mask=~[], sa_flags=SA_RESTORER|SA_ONSTACK|SA_RESTART|SA_SIGINFO, sa_restorer=0x45c5e0}, NULL, 8) = 0 <0.000047>
rt_sigaction(SIGRT_25, NULL, {sa_handler=SIG_DFL, sa_mask=[], sa_flags=0}, 8) = 0 <0.000046>
rt_sigaction(SIGRT_25, {sa_handler=0x45c4a0, sa_mask=~[], sa_flags=SA_RESTORER|SA_ONSTACK|SA_RESTART|SA_SIGINFO, sa_restorer=0x45c5e0}, NULL, 8) = 0 <0.000044>
rt_sigaction(SIGRT_26, NULL, {sa_handler=SIG_DFL, sa_mask=[], sa_flags=0}, 8) = 0 <0.000047>
rt_sigaction(SIGRT_26, {sa_handler=0x45c4a0, sa_mask=~[], sa_flags=SA_RESTORER|SA_ONSTACK|SA_RESTART|SA_SIGINFO, sa_restorer=0x45c5e0}, NULL, 8) = 0 <0.000047>
rt_sigaction(SIGRT_27, NULL, {sa_handler=SIG_DFL, sa_mask=[], sa_flags=0}, 8) = 0 <0.000044>
rt_sigaction(SIGRT_27, {sa_handler=0x45c4a0, sa_mask=~[], sa_flags=SA_RESTORER|SA_ONSTACK|SA_RESTART|SA_SIGINFO, sa_restorer=0x45c5e0}, NULL, 8) = 0 <0.000047>
rt_sigaction(SIGRT_28, NULL, {sa_handler=SIG_DFL, sa_mask=[], sa_flags=0}, 8) = 0 <0.000152>
rt_sigaction(SIGRT_28, {sa_handler=0x45c4a0, sa_mask=~[], sa_flags=SA_RESTORER|SA_ONSTACK|SA_RESTART|SA_SIGINFO, sa_restorer=0x45c5e0}, NULL, 8) = 0 <0.000048>
rt_sigaction(SIGRT_29, NULL, {sa_handler=SIG_DFL, sa_mask=[], sa_flags=0}, 8) = 0 <0.000047>
rt_sigaction(SIGRT_29, {sa_handler=0x45c4a0, sa_mask=~[], sa_flags=SA_RESTORER|SA_ONSTACK|SA_RESTART|SA_SIGINFO, sa_restorer=0x45c5e0}, NULL, 8) = 0 <0.000044>
rt_sigaction(SIGRT_30, NULL, {sa_handler=SIG_DFL, sa_mask=[], sa_flags=0}, 8) = 0 <0.000047>
rt_sigaction(SIGRT_30, {sa_handler=0x45c4a0, sa_mask=~[], sa_flags=SA_RESTORER|SA_ONSTACK|SA_RESTART|SA_SIGINFO, sa_restorer=0x45c5e0}, NULL, 8) = 0 <0.000093>
rt_sigaction(SIGRT_31, NULL, {sa_handler=SIG_DFL, sa_mask=[], sa_flags=0}, 8) = 0 <0.000047>
rt_sigaction(SIGRT_31, {sa_handler=0x45c4a0, sa_mask=~[], sa_flags=SA_RESTORER|SA_ONSTACK|SA_RESTART|SA_SIGINFO, sa_restorer=0x45c5e0}, NULL, 8) = 0 <0.000152>
rt_sigaction(SIGRT_32, NULL, {sa_handler=SIG_DFL, sa_mask=[], sa_flags=0}, 8) = 0 <0.000056>
rt_sigaction(SIGRT_32, {sa_handler=0x45c4a0, sa_mask=~[], sa_flags=SA_RESTORER|SA_ONSTACK|SA_RESTART|SA_SIGINFO, sa_restorer=0x45c5e0}, NULL, 8) = 0 <0.000095>
rt_sigprocmask(SIG_SETMASK, ~[], [], 8) = 0 <0.000092>
clone(child_stack=0xc000058000, flags=CLONE_VM|CLONE_FS|CLONE_FILES|CLONE_SIGHAND|CLONE_THREAD|CLONE_SYSVSEM|CLONE_SETTLS, tls=0xc000048090) = 8863 <0.000178>
rt_sigprocmask(SIG_SETMASK, [], NULL, 8) = 0 <0.000146>
--- SIGURG {si_signo=SIGURG, si_code=SI_TKILL, si_pid=8862, si_uid=1000} ---
rt_sigreturn({mask=[]})                 = 0 <0.000113>
--- SIGURG {si_signo=SIGURG, si_code=SI_TKILL, si_pid=8862, si_uid=1000} ---
rt_sigreturn({mask=[]})                 = 0 <0.000102>
--- SIGURG {si_signo=SIGURG, si_code=SI_TKILL, si_pid=8862, si_uid=1000} ---
rt_sigreturn({mask=[]})                 = 0 <0.000173>
--- SIGURG {si_signo=SIGURG, si_code=SI_TKILL, si_pid=8862, si_uid=1000} ---
rt_sigreturn({mask=[]})                 = 0 <0.000138>
--- SIGURG {si_signo=SIGURG, si_code=SI_TKILL, si_pid=8862, si_uid=1000} ---
rt_sigreturn({mask=[]})                 = 0 <0.000107>
--- SIGURG {si_signo=SIGURG, si_code=SI_TKILL, si_pid=8862, si_uid=1000} ---
rt_sigreturn({mask=[]})                 = 0 <0.000088>
rt_sigprocmask(SIG_SETMASK, ~[], [], 8) = 0 <0.000108>
clone(child_stack=0xc00005a000, flags=CLONE_VM|CLONE_FS|CLONE_FILES|CLONE_SIGHAND|CLONE_THREAD|CLONE_SYSVSEM|CLONE_SETTLS, tls=0xc000048490) = 8864 <0.000175>
rt_sigprocmask(SIG_SETMASK, [], NULL, 8) = 0 <0.000107>
futex(0xc000048548, FUTEX_WAKE_PRIVATE, 1) = 1 <0.000108>
futex(0xc000080148, FUTEX_WAKE_PRIVATE, 1) = 1 <0.000066>
futex(0xc000048548, FUTEX_WAKE_PRIVATE, 1) = 1 <0.000059>
fcntl(0, F_GETFL)                       = 0x8002 (flags O_RDWR|O_LARGEFILE) <0.000110>
futex(0xc000080148, FUTEX_WAKE_PRIVATE, 1) = 1 <0.000092>
mmap(NULL, 262144, PROT_READ|PROT_WRITE, MAP_PRIVATE|MAP_ANONYMOUS, -1, 0) = 0x7efced1b5000 <0.000075>
--- SIGURG {si_signo=SIGURG, si_code=SI_TKILL, si_pid=8862, si_uid=1000} ---
rt_sigreturn({mask=[]})                 = 139624775110656 <0.000134>
futex(0xc000048548, FUTEX_WAKE_PRIVATE, 1) = 1 <0.000091>
fcntl(1, F_GETFL)                       = 0x8002 (flags O_RDWR|O_LARGEFILE) <0.000111>
fcntl(2, F_GETFL)                       = 0x8002 (flags O_RDWR|O_LARGEFILE) <0.000080>
write(1, "hello world\n", 12)           = 12 <0.000104>
exit_group(0)                           = ?
+++ exited with 0 +++
